<?xml version="1.0" encoding="UTF-8"?>
<!-- Generated by org.testng.reporters.JUnitReportReporter -->
<testsuite skipped="0" hostname="ajitbiswas-laptop" name="testngpackage.Open3Browers" tests="3" failures="0" timestamp="07 Dec 2017 06:30:56 GMT" time="98.470" errors="0">
  <testcase name="launchbrowser" time="45.649" classname="testngpackage.Open3Browers"/>
  <testcase name="launchbrowser" time="28.913" classname="testngpackage.Open3Browers"/>
  <testcase name="launchbrowser" time="23.908" classname="testngpackage.Open3Browers"/>
</testsuite> <!-- testngpackage.Open3Browers -->
